This is pdfTeX, Version 3.14159265-2.6-1.40.20 (TeX Live 2019/Debian) (preloaded format=pdflatex 2023.5.31)  22 JAN 2024 16:32
entering extended mode
 \write18 enabled.
 %&-line parsing enabled.
**main.tex
(./main.tex
LaTeX2e <2020-02-02> patch level 2
L3 programming layer <2020-02-14>
(/usr/share/texlive/texmf-dist/tex/latex/base/book.cls
Document Class: book 2019/12/20 v1.4l Standard LaTeX document class
(/usr/share/texlive/texmf-dist/tex/latex/base/bk12.clo
File: bk12.clo 2019/12/20 v1.4l Standard LaTeX file (size option)
)
\c@part=\count167
\c@chapter=\count168
\c@section=\count169
\c@subsection=\count170
\c@subsubsection=\count171
\c@paragraph=\count172
\c@subparagraph=\count173
\c@figure=\count174
\c@table=\count175
\abovecaptionskip=\skip47
\belowcaptionskip=\skip48
\bibindent=\dimen134
)
(/usr/share/texlive/texmf-dist/tex/latex/amsfonts/amsfonts.sty
Package: amsfonts 2013/01/14 v3.01 Basic AMSFonts support
\@emptytoks=\toks14
\symAMSa=\mathgroup4
\symAMSb=\mathgroup5
LaTeX Font Info:    Redeclaring math symbol \hbar on input line 98.
LaTeX Font Info:    Overwriting math alphabet `\mathfrak' in version `bold'
(Font)                  U/euf/m/n --> U/euf/b/n on input line 106.
)
(/usr/share/texlive/texmf-dist/tex/generic/babel/babel.sty
Package: babel 2020/02/14 3.40 The Babel package

(/usr/share/texlive/texmf-dist/tex/generic/babel/switch.def
File: switch.def 2020/02/14 3.40 Babel switching mechanism
)
(/usr/share/texlive/texmf-dist/tex/generic/babel-serbian/serbian.ldf
Language: serbian 2019/12/15 2.0a Serbian Latin support for the Babel system

(/usr/share/texlive/texmf-dist/tex/generic/babel/babel.def
File: babel.def 2020/02/14 3.40 Babel common definitions
\babel@savecnt=\count176
\U@D=\dimen135

(/usr/share/texlive/texmf-dist/tex/generic/babel/txtbabel.def)
\bbl@readstream=\read2
\bbl@dirlevel=\count177
)
Package babel Info: Making " an active character on input line 46.
))
(/usr/share/texlive/texmf-dist/tex/latex/base/inputenc.sty
Package: inputenc 2018/08/11 v1.3c Input encoding file
\inpenc@prehook=\toks15
\inpenc@posthook=\toks16
)
(/usr/share/texlive/texmf-dist/tex/latex/amsmath/amsmath.sty
Package: amsmath 2020/01/20 v2.17e AMS math features
\@mathmargin=\skip49

For additional information on amsmath, use the `?' option.
(/usr/share/texlive/texmf-dist/tex/latex/amsmath/amstext.sty
Package: amstext 2000/06/29 v2.01 AMS text

(/usr/share/texlive/texmf-dist/tex/latex/amsmath/amsgen.sty
File: amsgen.sty 1999/11/30 v2.0 generic functions
\@emptytoks=\toks17
\ex@=\dimen136
))
(/usr/share/texlive/texmf-dist/tex/latex/amsmath/amsbsy.sty
Package: amsbsy 1999/11/29 v1.2d Bold Symbols
\pmbraise@=\dimen137
)
(/usr/share/texlive/texmf-dist/tex/latex/amsmath/amsopn.sty
Package: amsopn 2016/03/08 v2.02 operator names
)
\inf@bad=\count178
LaTeX Info: Redefining \frac on input line 227.
\uproot@=\count179
\leftroot@=\count180
LaTeX Info: Redefining \overline on input line 389.
\classnum@=\count181
\DOTSCASE@=\count182
LaTeX Info: Redefining \ldots on input line 486.
LaTeX Info: Redefining \dots on input line 489.
LaTeX Info: Redefining \cdots on input line 610.
\Mathstrutbox@=\box45
\strutbox@=\box46
\big@size=\dimen138
LaTeX Font Info:    Redeclaring font encoding OML on input line 733.
LaTeX Font Info:    Redeclaring font encoding OMS on input line 734.
\macc@depth=\count183
\c@MaxMatrixCols=\count184
\dotsspace@=\muskip16
\c@parentequation=\count185
\dspbrk@lvl=\count186
\tag@help=\toks18
\row@=\count187
\column@=\count188
\maxfields@=\count189
\andhelp@=\toks19
\eqnshift@=\dimen139
\alignsep@=\dimen140
\tagshift@=\dimen141
\tagwidth@=\dimen142
\totwidth@=\dimen143
\lineht@=\dimen144
\@envbody=\toks20
\multlinegap=\skip50
\multlinetaggap=\skip51
\mathdisplay@stack=\toks21
LaTeX Info: Redefining \[ on input line 2859.
LaTeX Info: Redefining \] on input line 2860.
)
(/usr/share/texlive/texmf-dist/tex/latex/graphics/graphicx.sty
Package: graphicx 2019/11/30 v1.2a Enhanced LaTeX Graphics (DPC,SPQR)

(/usr/share/texlive/texmf-dist/tex/latex/graphics/keyval.sty
Package: keyval 2014/10/28 v1.15 key=value parser (DPC)
\KV@toks@=\toks22
)
(/usr/share/texlive/texmf-dist/tex/latex/graphics/graphics.sty
Package: graphics 2019/11/30 v1.4a Standard LaTeX Graphics (DPC,SPQR)

(/usr/share/texlive/texmf-dist/tex/latex/graphics/trig.sty
Package: trig 2016/01/03 v1.10 sin cos tan (DPC)
)
(/usr/share/texlive/texmf-dist/tex/latex/graphics-cfg/graphics.cfg
File: graphics.cfg 2016/06/04 v1.11 sample graphics configuration
)
Package graphics Info: Driver file: pdftex.def on input line 105.

(/usr/share/texlive/texmf-dist/tex/latex/graphics-def/pdftex.def
File: pdftex.def 2018/01/08 v1.0l Graphics/color driver for pdftex
))
\Gin@req@height=\dimen145
\Gin@req@width=\dimen146
)
(/usr/share/texlive/texmf-dist/tex/latex/minted/minted.sty
Package: minted 2017/07/19 v2.5 Yet another Pygments shim for LaTeX

(/usr/share/texlive/texmf-dist/tex/latex/kvoptions/kvoptions.sty
Package: kvoptions 2019/11/29 v3.13 Key value format for package options (HO)

(/usr/share/texlive/texmf-dist/tex/generic/ltxcmds/ltxcmds.sty
Package: ltxcmds 2019/12/15 v1.24 LaTeX kernel commands for general use (HO)
)
(/usr/share/texlive/texmf-dist/tex/generic/kvsetkeys/kvsetkeys.sty
Package: kvsetkeys 2019/12/15 v1.18 Key value parser (HO)
))
(/usr/share/texlive/texmf-dist/tex/latex/fvextra/fvextra.sty
Package: fvextra 2019/02/04 v1.4 fvextra - extensions and patches for fancyvrb

(/usr/share/texlive/texmf-dist/tex/latex/base/ifthen.sty
Package: ifthen 2014/09/29 v1.1c Standard LaTeX ifthen package (DPC)
)
(/usr/share/texlive/texmf-dist/tex/latex/etoolbox/etoolbox.sty
Package: etoolbox 2019/09/21 v2.5h e-TeX tools for LaTeX (JAW)
\etb@tempcnta=\count190
)
(/usr/share/texlive/texmf-dist/tex/latex/fancyvrb/fancyvrb.sty
Package: fancyvrb 2020/01/13 v3.5 verbatim text (tvz,hv)
\FV@CodeLineNo=\count191
\FV@InFile=\read3
\FV@TabBox=\box47
\c@FancyVerbLine=\count192
\FV@StepNumber=\count193
\FV@OutFile=\write3
)
(/usr/share/texlive/texmf-dist/tex/latex/upquote/upquote.sty
Package: upquote 2012/04/19 v1.3 upright-quote and grave-accent glyphs in verba
tim
)
(/usr/share/texlive/texmf-dist/tex/latex/lineno/lineno.sty
Package: lineno 2005/11/02 line numbers on paragraphs v4.41
\linenopenalty=\count194
\output=\toks23
\linenoprevgraf=\count195
\linenumbersep=\dimen147
\linenumberwidth=\dimen148
\c@linenumber=\count196
\c@pagewiselinenumber=\count197
\c@LN@truepage=\count198
\c@internallinenumber=\count199
\c@internallinenumbers=\count266
\quotelinenumbersep=\dimen149
\bframerule=\dimen150
\bframesep=\dimen151
\bframebox=\box48
LaTeX Info: Redefining \\ on input line 3056.
)
\c@FV@TrueTabGroupLevel=\count267
\c@FV@TrueTabCounter=\count268
\FV@TabBox@Group=\box49
\FV@TmpLength=\skip52
\c@FV@HighlightLinesStart=\count269
\c@FV@HighlightLinesStop=\count270
\FV@LoopCount=\count271
\FV@NCharsBox=\box50
\FV@BreakIndent=\dimen152
\FV@BreakIndentNChars=\count272
\FV@BreakSymbolSepLeft=\dimen153
\FV@BreakSymbolSepLeftNChars=\count273
\FV@BreakSymbolSepRight=\dimen154
\FV@BreakSymbolSepRightNChars=\count274
\FV@BreakSymbolIndentLeft=\dimen155
\FV@BreakSymbolIndentLeftNChars=\count275
\FV@BreakSymbolIndentRight=\dimen156
\FV@BreakSymbolIndentRightNChars=\count276
\c@FancyVerbLineBreakLast=\count277
\FV@LineBox=\box51
\FV@LineIndentBox=\box52
\FV@LineWidth=\dimen157
)
(/usr/share/texlive/texmf-dist/tex/latex/tools/calc.sty
Package: calc 2017/05/25 v4.3 Infix arithmetic (KKT,FJ)
\calc@Acount=\count278
\calc@Bcount=\count279
\calc@Adimen=\dimen158
\calc@Bdimen=\dimen159
\calc@Askip=\skip53
\calc@Bskip=\skip54
LaTeX Info: Redefining \setlength on input line 80.
LaTeX Info: Redefining \addtolength on input line 81.
\calc@Ccount=\count280
\calc@Cskip=\skip55
)
(/usr/share/texlive/texmf-dist/tex/latex/tools/shellesc.sty
Package: shellesc 2019/11/08 v1.0c unified shell escape interface for LaTeX
Package shellesc Info: Unrestricted shell escape enabled on input line 75.
)
(/usr/share/texlive/texmf-dist/tex/latex/ifplatform/ifplatform.sty
Package: ifplatform 2017/10/13 v0.4a Testing for the operating system

(/usr/share/texlive/texmf-dist/tex/latex/pdftexcmds/pdftexcmds.sty
Package: pdftexcmds 2019/11/24 v0.31 Utility functions of pdfTeX for LuaTeX (HO
)

(/usr/share/texlive/texmf-dist/tex/generic/infwarerr/infwarerr.sty
Package: infwarerr 2019/12/03 v1.5 Providing info/warning/error messages (HO)
)
(/usr/share/texlive/texmf-dist/tex/generic/iftex/iftex.sty
Package: iftex 2019/11/07 v1.0c TeX engine tests
)
Package pdftexcmds Info: \pdf@primitive is available.
Package pdftexcmds Info: \pdf@ifprimitive is available.
Package pdftexcmds Info: \pdfdraftmode found.
)
(/usr/share/texlive/texmf-dist/tex/generic/catchfile/catchfile.sty
Package: catchfile 2019/12/09 v1.8 Catch the contents of a file (HO)

(/usr/share/texlive/texmf-dist/tex/generic/etexcmds/etexcmds.sty
Package: etexcmds 2019/12/15 v1.7 Avoid name clashes with e-TeX commands (HO)
))
(/usr/share/texlive/texmf-dist/tex/generic/iftex/ifluatex.sty
Package: ifluatex 2019/10/25 v1.5 ifluatex legacy package. Use iftex instead.
)
runsystem(uname -s > "main.w18")...executed.

 (./main.w18)
runsystem(rm -- "main.w18")...executed.

)
(/usr/share/texlive/texmf-dist/tex/generic/xstring/xstring.sty
(/usr/share/texlive/texmf-dist/tex/generic/xstring/xstring.tex
\integerpart=\count281
\decimalpart=\count282
)
Package: xstring 2019/02/06 v1.83 String manipulations (CT)
)
(/usr/share/texlive/texmf-dist/tex/latex/framed/framed.sty
Package: framed 2011/10/22 v 0.96: framed or shaded text with page breaks
\OuterFrameSep=\skip56
\fb@frw=\dimen160
\fb@frh=\dimen161
\FrameRule=\dimen162
\FrameSep=\dimen163
)
(/usr/share/texlive/texmf-dist/tex/latex/float/float.sty
Package: float 2001/11/08 v1.3d Float enhancements (AL)
\c@float@type=\count283
\float@exts=\toks24
\float@box=\box53
\@float@everytoks=\toks25
\@floatcapt=\box54
)
\minted@appexistsfile=\read4
\minted@bgbox=\box55
\minted@code=\write4
\c@minted@FancyVerbLineTemp=\count284
\c@minted@pygmentizecounter=\count285
\@float@every@listing=\toks26
\c@listing=\count286
)
runsystem(mkdir -p _minted-main)...executed.


(/usr/share/texlive/texmf-dist/tex/latex/fixme/fixme.sty
Package: fixme 2019/01/03 v4.5 Collaborative annotations for LaTeX2e

(/usr/share/texlive/texmf-dist/tex/latex/tools/verbatim.sty
Package: verbatim 2019/11/10 v1.5r LaTeX2e package for verbatim enhancements
\every@verbatim=\toks27
\verbatim@line=\toks28
\verbatim@in@stream=\read5
)
(/usr/share/texlive/texmf-dist/tex/latex/xkeyval/xkeyval.sty
Package: xkeyval 2014/12/03 v2.7a package option processing (HA)

(/usr/share/texlive/texmf-dist/tex/generic/xkeyval/xkeyval.tex
(/usr/share/texlive/texmf-dist/tex/generic/xkeyval/xkvutils.tex
\XKV@toks=\toks29
\XKV@tempa@toks=\toks30
)
\XKV@depth=\count287
File: xkeyval.tex 2014/12/03 v2.7a key=value parser (HA)
))
\lox@file=\read6
\c@fixmecount=\count288
\c@fxnotecount=\count289
\c@fxwarningcount=\count290
\c@fxerrorcount=\count291
\c@fxfatalcount=\count292
)
(/usr/share/texlive/texmf-dist/tex/latex/tools/theorem.sty
Package: theorem 2014/10/28 v2.2c Theorem extension package (FMi)
\theorem@style=\toks31
\theorem@bodyfont=\toks32
\theorempreskipamount=\skip57
\theorempostskipamount=\skip58

(/usr/share/texlive/texmf-dist/tex/latex/tools/thp.sty
File: thp.sty 2014/10/28 v2.2c Theorem extension package (FMi)
))
(/usr/share/texlive/texmf-dist/tex/latex/algorithms/algorithm.sty
Package: algorithm 2009/08/24 v0.1 Document Style `algorithm' - floating enviro
nment
\@float@every@algorithm=\toks33
\c@algorithm=\count293
)
(/usr/share/texlive/texmf-dist/tex/latex/algorithmicx/algpseudocode.sty
Package: algpseudocode 

(/usr/share/texlive/texmf-dist/tex/latex/algorithmicx/algorithmicx.sty
Package: algorithmicx 2005/04/27 v1.2 Algorithmicx

Document Style algorithmicx 1.2 - a greatly improved `algorithmic' style
\c@ALG@line=\count294
\c@ALG@rem=\count295
\c@ALG@nested=\count296
\ALG@tlm=\skip59
\ALG@thistlm=\skip60
\c@ALG@Lnr=\count297
\c@ALG@blocknr=\count298
\c@ALG@storecount=\count299
\c@ALG@tmpcounter=\count300
\ALG@tmplength=\skip61
)
Document Style - pseudocode environments for use with the `algorithmicx' style
)
\c@theorem=\count301
\c@definition=\count302
\c@example=\count303
 (/usr/share/texlive/texmf-dist/tex/latex/xcolor/xcolor.sty
Package: xcolor 2016/05/11 v2.12 LaTeX color extensions (UK)

(/usr/share/texlive/texmf-dist/tex/latex/graphics-cfg/color.cfg
File: color.cfg 2016/01/02 v1.6 sample color configuration
)
Package xcolor Info: Driver file: pdftex.def on input line 225.
Package xcolor Info: Model `cmy' substituted by `cmy0' on input line 1348.
Package xcolor Info: Model `hsb' substituted by `rgb' on input line 1352.
Package xcolor Info: Model `RGB' extended on input line 1364.
Package xcolor Info: Model `HTML' substituted by `rgb' on input line 1366.
Package xcolor Info: Model `Hsb' substituted by `hsb' on input line 1367.
Package xcolor Info: Model `tHsb' substituted by `hsb' on input line 1368.
Package xcolor Info: Model `HSB' substituted by `hsb' on input line 1369.
Package xcolor Info: Model `Gray' substituted by `gray' on input line 1370.
Package xcolor Info: Model `wave' substituted by `hsb' on input line 1371.
)
runsystem(which pygmentize && touch main.aex)...executed.

runsystem(rm main.aex)...executed.


(/usr/share/texlive/texmf-dist/tex/latex/l3backend/l3backend-pdfmode.def
File: l3backend-pdfmode.def 2020-02-03 L3 backend support: PDF mode
\l__kernel_color_stack_int=\count304
\l__pdf_internal_box=\box56
)

LaTeX Warning: Unused global option(s):
    [b4paper].

(./main.aux (./chapter-01-02/chapter02.aux

LaTeX Warning: Label `fig:kompleksnosti_funkcije' multiply defined.

) (./chapter-01-02/chapter01.aux) (./chapter-03-04/chapter03.aux)
(./chapter-03-04/chapter04.aux))
\openout1 = `main.aux'.

LaTeX Font Info:    Checking defaults for OML/cmm/m/it on input line 42.
LaTeX Font Info:    ... okay on input line 42.
LaTeX Font Info:    Checking defaults for OMS/cmsy/m/n on input line 42.
LaTeX Font Info:    ... okay on input line 42.
LaTeX Font Info:    Checking defaults for OT1/cmr/m/n on input line 42.
LaTeX Font Info:    ... okay on input line 42.
LaTeX Font Info:    Checking defaults for T1/cmr/m/n on input line 42.
LaTeX Font Info:    ... okay on input line 42.
LaTeX Font Info:    Checking defaults for TS1/cmr/m/n on input line 42.
LaTeX Font Info:    ... okay on input line 42.
LaTeX Font Info:    Checking defaults for OMX/cmex/m/n on input line 42.
LaTeX Font Info:    ... okay on input line 42.
LaTeX Font Info:    Checking defaults for U/cmr/m/n on input line 42.
LaTeX Font Info:    ... okay on input line 42.

(/usr/share/texlive/texmf-dist/tex/context/base/mkii/supp-pdf.mkii
[Loading MPS to PDF converter (version 2006.09.02).]
\scratchcounter=\count305
\scratchdimen=\dimen164
\scratchbox=\box57
\nofMPsegments=\count306
\nofMParguments=\count307
\everyMPshowfont=\toks34
\MPscratchCnt=\count308
\MPscratchDim=\dimen165
\MPnumerator=\count309
\makeMPintoPDFobject=\count310
\everyMPtoPDFconversion=\toks35
) (/usr/share/texlive/texmf-dist/tex/latex/epstopdf-pkg/epstopdf-base.sty
Package: epstopdf-base 2020-01-24 v2.11 Base part for package epstopdf
Package epstopdf-base Info: Redefining graphics rule for `.eps' on input line 4
85.

(/usr/share/texlive/texmf-dist/tex/latex/latexconfig/epstopdf-sys.cfg
File: epstopdf-sys.cfg 2010/07/13 v1.3 Configuration of (r)epstopdf for TeX Liv
e
))
LaTeX Font Info:    Trying to load font information for U+msa on input line 50.


(/usr/share/texlive/texmf-dist/tex/latex/amsfonts/umsa.fd
File: umsa.fd 2013/01/14 v3.01 AMS symbols A
)
LaTeX Font Info:    Trying to load font information for U+msb on input line 50.


(/usr/share/texlive/texmf-dist/tex/latex/amsfonts/umsb.fd
File: umsb.fd 2013/01/14 v3.01 AMS symbols B
) [1


{/var/lib/texmf/fonts/map/pdftex/updmap/pdftex.map}] [2

] (./main.toc [3] [4])
\tf@toc=\write5
\openout5 = `main.toc'.

 [5] [1


]
\openout2 = `chapter-01-02/chapter02.aux'.


(./chapter-01-02/chapter02.tex [2


]
Glava 1.

Overfull \hbox (2.77753pt too wide) in paragraph at lines 12--13
\OT1/cmr/m/n/12 ^^Tcetiri ^^Tcesto pri-sut-na u li-te-ra-tu-ri: pro-ble-mi od-l
u^^Tcivanja, pro-ble-mi pre-tra^^Tzivanja,
 []

[3] [4]
FiXme Note: 'Stigao dovde!' on input line 42.
 [5] [6] [7]

! LaTeX Error: There's no line here to end.

See the LaTeX manual or LaTeX Companion for explanation.
Type  H <return>  for immediate help.
 ...                                              
                                                  
l.106 
      
Your command was ignored.
Type  I <command> <return>  to replace it with another command,
or  <return>  to continue without it.


Underfull \hbox (badness 10000) in paragraph at lines 107--109

 []

[8] [9]
<slike/instructions_ram.png, id=61, 493.845pt x 511.9125pt>
File: slike/instructions_ram.png Graphic file (type png)
<use slike/instructions_ram.png>
Package pdftex.def Info: slike/instructions_ram.png  used on input line 160.
(pdftex.def)             Requested size: 299.99411pt x 279.99832pt.
 [10]
Overfull \hbox (16.8155pt too wide) in paragraph at lines 173--176
[]\OT1/cmr/m/it/12 Konfiguracija \OT1/cmr/m/n/12 w\OT1/cmr/m/it/12 --RAM pro-gr
a-ma $\OML/cmm/m/it/12 P$ \OT1/cmr/m/it/12 je tor-ka $\OML/cmm/m/it/12 K \OT1/c
mr/m/n/12 = (\OML/cmm/m/it/12 l; S; w; R; M\OT1/cmr/m/n/12 )$\OT1/cmr/m/it/12 ,

 []


Overfull \hbox (32.1914pt too wide) in paragraph at lines 179--180
[]\OT1/cmr/m/it/12 Za kon-fi-gu-ra-ci-ju $\OML/cmm/m/it/12 K \OT1/cmr/m/n/12 = 
(\OML/cmm/m/it/12 l; S; w; R; M\OT1/cmr/m/n/12 )$ \OT1/cmr/m/it/12 w-RAM pro-gr
a-ma $\OT1/cmr/m/n/12 (\OML/cmm/m/it/12 P[]; [] ; P[]\OT1/cmr/m/n/12 )$
 []

[11 <./slike/instructions_ram.png>]
Underfull \hbox (badness 10000) in paragraph at lines 196--197

 []

[12]
\openout3 = `main.pyg'.

 (./_minted-main/default-pyg-prefix.pygstyle)
(./_minted-main/default.pygstyle)
(./_minted-main/C8C15D4D56BCE45237E6F3BEC0AF8CD52F427962ED4E6A717DE0D192A922302
F.pygtex
LaTeX Font Info:    Font shape `OT1/cmtt/bx/n' in size <12> not available
(Font)              Font shape `OT1/cmtt/m/n' tried instead on input line 4.
 [13])
Overfull \hbox (20.10681pt too wide) in paragraph at lines 250--251
[]\OT1/cmr/m/n/12 Izra^^Tcunajmo ta^^Tcan broj in-struk-ci-ja pro-gra-ma kon-kr
et-nog ula-za $\OML/cmm/m/it/12 a \OT1/cmr/m/n/12 = [1 5 2 10 7]$
 []

\openout3 = `main.pyg'.


(./_minted-main/D97E4BBE023BB99ACFC7A5F7BD5DA03B5BD9CFCE54A68914ACB2DCF71641ADB
0.pygtex
LaTeX Font Info:    Font shape `OT1/cmtt/bx/it' in size <12> not available
(Font)              Font shape `OT1/cmtt/m/it' tried instead on input line 3.
) [14]
Underfull \hbox (badness 10000) in paragraph at lines 277--279

 []

[15]
<slike/O_notation.png, id=85, 723.70375pt x 753.81625pt>
File: slike/O_notation.png Graphic file (type png)
<use slike/O_notation.png>
Package pdftex.def Info: slike/O_notation.png  used on input line 314.
(pdftex.def)             Requested size: 119.99123pt x 109.99644pt.
 [16 <./slike/O_notation.png>]
Overfull \hbox (8.88237pt too wide) in paragraph at lines 328--329
[]$\OML/cmm/m/it/12 O$\OT1/cmr/m/n/12 --notacija, bez ob-zi-ra na prak-ti^^Tcno
st i jed-no-stav-nost, do-vo-di i do odre[]denih
 []

<slike/theta_notation.jpg, id=91, 211.79124pt x 212.795pt>
File: slike/theta_notation.jpg Graphic file (type jpg)
<use slike/theta_notation.jpg>
Package pdftex.def Info: slike/theta_notation.jpg  used on input line 338.
(pdftex.def)             Requested size: 119.99837pt x 120.00209pt.
[17 <./slike/theta_notation.jpg>]

LaTeX Warning: Reference `tab:kompleksnosti' on page 18 undefined on input line
 393.

[18]
<slike/growth.png, id=99, 1056.94875pt x 721.69624pt>
File: slike/growth.png Graphic file (type png)
<use slike/growth.png>
Package pdftex.def Info: slike/growth.png  used on input line 415.
(pdftex.def)             Requested size: 269.99413pt x 199.99226pt.

Overfull \hbox (14.07578pt too wide) in paragraph at lines 423--424
\OT1/cmr/m/n/12 sno-sti al-go-rit-ma. Za (pod)program $\OML/cmm/m/it/12 P$\OT1/
cmr/m/n/12 , ozna^^Tcimo nje-go-vu kom-plek-snost izvo[]denja
 []

[19 <./slike/growth.png>] [20] [21]

LaTeX Font Warning: Font shape `OT1/cmr/m/scit' undefined
(Font)              using `OT1/cmr/m/sc' instead on input line 519.


LaTeX Font Warning: Font shape `OT1/cmr/m/scit' undefined
(Font)              using `OT1/cmr/m/sc' instead on input line 519.

[22]
\openout3 = `main.pyg'.


(./_minted-main/72826253E4A3AD6D37A3D98059F8209E2F427962ED4E6A717DE0D192A922302
F.pygtex [23])
\openout3 = `main.pyg'.


(./_minted-main/9EBEAF8F791AB820B5FA1F1133F707E52F427962ED4E6A717DE0D192A922302
F.pygtex
Underfull \hbox (badness 10000) in paragraph at lines 565--1

 []

)
Underfull \vbox (badness 1259) has occurred while \output is active []

 [24]
[25] [26] [27] [28]

! LaTeX Error: \begin{document} ended by \end{example}.

See the LaTeX manual or LaTeX Companion for explanation.
Type  H <return>  for immediate help.
 ...                                              
                                                  
l.739 \end{example}
                   
Your command was ignored.
Type  I <command> <return>  to replace it with another command,
or  <return>  to continue without it.

! Extra \endgroup.
<recently read> \endgroup 
                          
l.739 \end{example}
                   
Things are pretty mixed up, but I think the worst is over.

[29] [30] [31]

LaTeX Warning: Command \v invalid in math mode on input line 882.

! Please use \mathaccent for accents in math mode.
\add@accent ... \let \ignorespaces \relax \accent 
                                                  #1 #2\egroup \spacefactor ...
l.882         & 1, inaƒç
                        e
I'm changing \accent to \mathaccent here; wish me luck.
(Accents are not the same in formulas as they are in text.)

! You can't use `\spacefactor' in math mode.
\add@accent ... \accent #1 #2\egroup \spacefactor 
                                                  \accent@spacefactor 
l.882         & 1, inaƒç
                        e
Sorry, but I'm not programmed to handle this case;
I'll just pretend that you didn't ask for it.
If you're in the wrong mode, you might be able to
return to the right one by typing `I}' or `I$' or `I\par'.

Missing character: There is no Ë in font cmex10!
[32]
! Missing } inserted.
<inserted text> 
                }
l.889 		&
         2T(n-1) ‚Äì 1, \text{ako } n>0, \\
I've put in what seems to be necessary to fix
the current column of the current alignment.
Try to go on, since this might almost work.


LaTeX Warning: Command \textendash invalid in math mode on input line 889.


LaTeX Warning: Command \v invalid in math mode on input line 890.

! Please use \mathaccent for accents in math mode.
\add@accent ... \let \ignorespaces \relax \accent 
                                                  #1 #2\egroup \spacefactor ...
l.890 		& 1, inaƒç
                  e
I'm changing \accent to \mathaccent here; wish me luck.
(Accents are not the same in formulas as they are in text.)

! You can't use `\spacefactor' in math mode.
\add@accent ... \accent #1 #2\egroup \spacefactor 
                                                  \accent@spacefactor 
l.890 		& 1, inaƒç
                  e
Sorry, but I'm not programmed to handle this case;
I'll just pretend that you didn't ask for it.
If you're in the wrong mode, you might be able to
return to the right one by typing `I}' or `I$' or `I\par'.

Missing character: There is no Ë in font cmex10!
) [33]
\openout2 = `chapter-01-02/chapter01.aux'.

 (./chapter-01-02/chapter01.tex [34



]
Glava 2.

Underfull \hbox (badness 10000) in paragraph at lines 4--4
[][]\OT1/cmr/m/n/10 Podaci pre-u-ze-ti sa https://statisticsanddata.org/data/th
e-most-popular-
 []

<slike/most_popular_language.png, id=155, 1247.66125pt x 620.3175pt>
File: slike/most_popular_language.png Graphic file (type png)
<use slike/most_popular_language.png>
Package pdftex.def Info: slike/most_popular_language.png  used on input line 8.

(pdftex.def)             Requested size: 379.99355pt x 189.99637pt.
[35 <./slike/most_popular_language.png>]
Underfull \hbox (badness 10000) in paragraph at lines 17--21

 []

[36]
Overfull \hbox (3.86392pt too wide) in paragraph at lines 38--39
[]\OT1/cmr/m/n/12 Pajton po-sje-du-je \OT1/cmr/m/it/12 ai-to-mat-sko ^^Tci^^Ts^
^Scenje me-mo-ri-je \OT1/cmr/m/n/12 (eng. \OT1/cmr/m/it/12 garbage--collected\O
T1/cmr/m/n/12 ).
 []

[37]
\openout3 = `main.pyg'.


(./_minted-main/053A681634FA92EBE9750C8AF180DCBB4FBEEAFC55D0059826E664B9BBCF372
1.pygtex)
\openout3 = `main.pyg'.


(./_minted-main/49791559F37B4D73EBA7CD0CB48BA3244FBEEAFC55D0059826E664B9BBCF372
1.pygtex) [38]
\openout3 = `main.pyg'.


(./_minted-main/DBD379BAF3FB2CB20304C53226A1B8162F427962ED4E6A717DE0D192A922302
F.pygtex)
\openout3 = `main.pyg'.


(./_minted-main/D24557879D67FEF32B6CB775F44327E64FBEEAFC55D0059826E664B9BBCF372
1.pygtex [39])
\openout3 = `main.pyg'.


(./_minted-main/86475E134733D164363C0643AAD9378F4FBEEAFC55D0059826E664B9BBCF372
1.pygtex)
<slike/variable_object.png, id=174, 415.5525pt x 274.626pt>
File: slike/variable_object.png Graphic file (type png)
<use slike/variable_object.png>
Package pdftex.def Info: slike/variable_object.png  used on input line 108.
(pdftex.def)             Requested size: 139.9988pt x 99.9967pt.
\openout3 = `main.pyg'.


(./_minted-main/C66B1A1F5F9F823C0125320A5C82BDCD4FBEEAFC55D0059826E664B9BBCF372
1.pygtex)
<slike/point_two_vars.png, id=175, 428.802pt x 231.264pt>
File: slike/point_two_vars.png Graphic file (type png)
<use slike/point_two_vars.png>
Package pdftex.def Info: slike/point_two_vars.png  used on input line 119.
(pdftex.def)             Requested size: 140.0002pt x 99.99913pt.
\openout3 = `main.pyg'.


(./_minted-main/25CE05D8DCFB8B59B36FBAEF030B1B7E4FBEEAFC55D0059826E664B9BBCF372
1.pygtex)
<slike/vars_different_assigned.png, id=176, 404.712pt x 245.718pt>
File: slike/vars_different_assigned.png Graphic file (type png)
<use slike/vars_different_assigned.png>
Package pdftex.def Info: slike/vars_different_assigned.png  used on input line 
128.
(pdftex.def)             Requested size: 140.00249pt x 99.9989pt.
\openout3 = `main.pyg'.


(./_minted-main/935884F14991F3C6B720923B3A03195D4FBEEAFC55D0059826E664B9BBCF372
1.pygtex [40 <./slike/variable_object.png> <./slike/point_two_vars.png> <./slik
e/vars_different_assigned.png>])
<slike/varX_different_assigned.png, id=180, 424.58624pt x 254.75175pt>
File: slike/varX_different_assigned.png Graphic file (type png)
<use slike/varX_different_assigned.png>
Package pdftex.def Info: slike/varX_different_assigned.png  used on input line 
138.
(pdftex.def)             Requested size: 139.99727pt x 99.99805pt.
\openout3 = `main.pyg'.


(./_minted-main/82AA35FAE30E2202BCF9CE2C79A56B4B4FBEEAFC55D0059826E664B9BBCF372
1.pygtex) [41 <./slike/varX_different_assigned.png>]
\openout3 = `main.pyg'.


(./_minted-main/15647B1EE1EF089EA941EBE843B5455D4FBEEAFC55D0059826E664B9BBCF372
1.pygtex)
\openout3 = `main.pyg'.


(./_minted-main/A2AB6758F3E377DE64A9E972F072349D4FBEEAFC55D0059826E664B9BBCF372
1.pygtex)
<slike/operatori_poredjenja.png, id=184, 397.485pt x 186.6975pt>
File: slike/operatori_poredjenja.png Graphic file (type png)
<use slike/operatori_poredjenja.png>
Package pdftex.def Info: slike/operatori_poredjenja.png  used on input line 192
.
(pdftex.def)             Requested size: 220.00633pt x 100.0004pt.
 [42]
\openout3 = `main.pyg'.


(./_minted-main/D299AA86D0F6CA3FD7C97DDBA6E5682D4FBEEAFC55D0059826E664B9BBCF372
1.pygtex)
\openout3 = `main.pyg'.


(./_minted-main/105C8CA1ECD177CDF9E3DD08CBB6A3684FBEEAFC55D0059826E664B9BBCF372
1.pygtex [43 <./slike/operatori_poredjenja.png>])
\openout3 = `main.pyg'.


(./_minted-main/D88200AEDC3E923FED741441EC3DE1D44FBEEAFC55D0059826E664B9BBCF372
1.pygtex)
\openout3 = `main.pyg'.


(./_minted-main/7351B60315D573CAD710C3E9789980EF4FBEEAFC55D0059826E664B9BBCF372
1.pygtex)
\openout3 = `main.pyg'.


(./_minted-main/0DD06EE51892EC87EE9AA14A55525D774FBEEAFC55D0059826E664B9BBCF372
1.pygtex) [44]
\openout3 = `main.pyg'.


(./_minted-main/A18CC6D4EFF91C2B1886E1EDAC97B6B64FBEEAFC55D0059826E664B9BBCF372
1.pygtex)
\openout3 = `main.pyg'.


(./_minted-main/54266EA16A32A207FB5A40F1173D6B5E4FBEEAFC55D0059826E664B9BBCF372
1.pygtex)
\openout3 = `main.pyg'.


(./_minted-main/BFFCBD4368C00DF710E63472B67C993D4FBEEAFC55D0059826E664B9BBCF372
1.pygtex) [45]
<slike/str_mem_organization.png, id=200, 543.02875pt x 163.61125pt>
File: slike/str_mem_organization.png Graphic file (type png)
<use slike/str_mem_organization.png>
Package pdftex.def Info: slike/str_mem_organization.png  used on input line 296
.
(pdftex.def)             Requested size: 199.99774pt x 59.99846pt.
\openout3 = `main.pyg'.


(./_minted-main/9DFB1042D9A3900D43A9668BB30616572F427962ED4E6A717DE0D192A922302
F.pygtex) [46 <./slike/str_mem_organization.png>]
\openout3 = `main.pyg'.


(./_minted-main/44D3144EFE042FBE465953734FFE5DA94FBEEAFC55D0059826E664B9BBCF372
1.pygtex) [47]
<slike/list_mem_org.png, id=208, 374.39874pt x 323.2075pt>
File: slike/list_mem_org.png Graphic file (type png)
<use slike/list_mem_org.png>
Package pdftex.def Info: slike/list_mem_org.png  used on input line 355.
(pdftex.def)             Requested size: 229.99963pt x 160.00053pt.
<slike/list_mem_management.png, id=209, 568.1225pt x 324.21124pt>
File: slike/list_mem_management.png Graphic file (type png)
<use slike/list_mem_management.png>
Package pdftex.def Info: slike/list_mem_management.png  used on input line 363.

(pdftex.def)             Requested size: 320.01022pt x 149.99977pt.
\openout3 = `main.pyg'.


(./_minted-main/9B723816CD3C21210646B18AD67455944FBEEAFC55D0059826E664B9BBCF372
1.pygtex [48 <./slike/list_mem_org.png>]) [49 <./slike/list_mem_management.png>
]
\openout3 = `main.pyg'.


(./_minted-main/9049BE01E826D8EADC90E6EA89F771644FBEEAFC55D0059826E664B9BBCF372
1.pygtex)
\openout3 = `main.pyg'.


(./_minted-main/46687FEBA5409E52A5E5C7459BF1800F4FBEEAFC55D0059826E664B9BBCF372
1.pygtex)
\openout3 = `main.pyg'.


(./_minted-main/1E54DC7628DA2C623F2456CCFD04AB044FBEEAFC55D0059826E664B9BBCF372
1.pygtex)
\openout3 = `main.pyg'.


(./_minted-main/D28398787C7A82CFCFD96461D76243F94FBEEAFC55D0059826E664B9BBCF372
1.pygtex)
\openout3 = `main.pyg'.


(./_minted-main/79A58058F53C6DD3C8316C6E03982B3A4FBEEAFC55D0059826E664B9BBCF372
1.pygtex [50])
\openout3 = `main.pyg'.


(./_minted-main/536A2AC169DDB61D5F6A9F8E2FD830024FBEEAFC55D0059826E664B9BBCF372
1.pygtex)
\openout3 = `main.pyg'.


(./_minted-main/74AA7765D9974F36FB0F0BFA4C01A49E4FBEEAFC55D0059826E664B9BBCF372
1.pygtex)
\openout3 = `main.pyg'.


(./_minted-main/ABAE74FADDA67D3C3CE50CC2F476B4954FBEEAFC55D0059826E664B9BBCF372
1.pygtex)
\openout3 = `main.pyg'.


(./_minted-main/FA59BC3A91868841DB4C27BC0A746A044FBEEAFC55D0059826E664B9BBCF372
1.pygtex [51])
\openout3 = `main.pyg'.


(./_minted-main/FE283638FB098FD065E6141497AA22D74FBEEAFC55D0059826E664B9BBCF372
1.pygtex)
\openout3 = `main.pyg'.


(./_minted-main/C3A71D86D957E8EAB6F4F25429091A294FBEEAFC55D0059826E664B9BBCF372
1.pygtex) [52]
<slike/dict_mem_organization.png, id=228, 596.2275pt x 314.17375pt>
File: slike/dict_mem_organization.png Graphic file (type png)
<use slike/dict_mem_organization.png>
Package pdftex.def Info: slike/dict_mem_organization.png  used on input line 51
0.
(pdftex.def)             Requested size: 239.997pt x 139.99623pt.
\openout3 = `main.pyg'.


(./_minted-main/80DAC89AA69DD7B92D533113CEF6A32F4FBEEAFC55D0059826E664B9BBCF372
1.pygtex [53]) [54 <./slike/dict_mem_organization.png>] [55]
\openout3 = `main.pyg'.


(./_minted-main/9DE1FBD2010F7E54881316B5DD033F414FBEEAFC55D0059826E664B9BBCF372
1.pygtex)
<slike/set_mem_organization.png, id=239, 225.84375pt x 209.28188pt>
File: slike/set_mem_organization.png Graphic file (type png)
<use slike/set_mem_organization.png>
Package pdftex.def Info: slike/set_mem_organization.png  used on input line 567
.
(pdftex.def)             Requested size: 200.01126pt x 99.99748pt.
\openout3 = `main.pyg'.


(./_minted-main/3BD990517ED7DC9911F9AD3484C9F5854FBEEAFC55D0059826E664B9BBCF372
1.pygtex)
\openout3 = `main.pyg'.


(./_minted-main/9F5961A9DC00A01522A9B19678071A9E4FBEEAFC55D0059826E664B9BBCF372
1.pygtex)
\openout3 = `main.pyg'.


(./_minted-main/D2FF82C9F6821961D08D7F2119ECBC594FBEEAFC55D0059826E664B9BBCF372
1.pygtex)
\openout3 = `main.pyg'.


(./_minted-main/AD1BFEB24C1ABB8EFD5453328341A9114FBEEAFC55D0059826E664B9BBCF372
1.pygtex [56 <./slike/set_mem_organization.png>])
\openout3 = `main.pyg'.


(./_minted-main/C2E8BC58507D26157D7563827B481ABD4FBEEAFC55D0059826E664B9BBCF372
1.pygtex)
\openout3 = `main.pyg'.


(./_minted-main/F4C2F15A1468EC517AEE68A829DEA6494FBEEAFC55D0059826E664B9BBCF372
1.pygtex)
<slike/tupel_mem_organization.png, id=245, 579.16376pt x 87.32625pt>
File: slike/tupel_mem_organization.png Graphic file (type png)
<use slike/tupel_mem_organization.png>
Package pdftex.def Info: slike/tupel_mem_organization.png  used on input line 6
23.
(pdftex.def)             Requested size: 229.99998pt x 50.00034pt.
 [57]
\openout3 = `main.pyg'.


(./_minted-main/C8822F79D62702C2661782B4DAF3BCC14FBEEAFC55D0059826E664B9BBCF372
1.pygtex)
\openout3 = `main.pyg'.


(./_minted-main/52DFDC6AE4A390BF0DDC11192958DFE34FBEEAFC55D0059826E664B9BBCF372
1.pygtex)
\openout3 = `main.pyg'.


(./_minted-main/0C51BEC047AD8166D149BA0B5E6DDD5C4FBEEAFC55D0059826E664B9BBCF372
1.pygtex [58 <./slike/tupel_mem_organization.png>])
\openout3 = `main.pyg'.


(./_minted-main/7B94189D1E50D0375B248BFCA5E03EEE4FBEEAFC55D0059826E664B9BBCF372
1.pygtex)
\openout3 = `main.pyg'.


(./_minted-main/1AF73C8480502CD09C1D5939634A1A574FBEEAFC55D0059826E664B9BBCF372
1.pygtex)
\openout3 = `main.pyg'.


(./_minted-main/3099F0C8ABB2F554E2CF63D6E48DA6304FBEEAFC55D0059826E664B9BBCF372
1.pygtex [59])
\openout3 = `main.pyg'.


(./_minted-main/8AD9E478F461DCE4B6B4944BFE9D77694FBEEAFC55D0059826E664B9BBCF372
1.pygtex)
\openout3 = `main.pyg'.


(./_minted-main/AFFFBC76DE664F6C9F0A4858B73460534FBEEAFC55D0059826E664B9BBCF372
1.pygtex [60])
\openout3 = `main.pyg'.


(./_minted-main/20D60F38A19BE9F8D792B1DC3C224DB24FBEEAFC55D0059826E664B9BBCF372
1.pygtex)
\openout3 = `main.pyg'.


(./_minted-main/D45440EC4B5B6A0FC89DEF84A99313C04FBEEAFC55D0059826E664B9BBCF372
1.pygtex)
\openout3 = `main.pyg'.


(./_minted-main/F62668370C46FCBE1FB470BAB9D9A8EF4FBEEAFC55D0059826E664B9BBCF372
1.pygtex) [61]
\openout3 = `main.pyg'.


(./_minted-main/EA09420334C2C831BAE8B7393FDE76C64FBEEAFC55D0059826E664B9BBCF372
1.pygtex)
\openout3 = `main.pyg'.


(./_minted-main/9D64E0128D1D591444B6C4446E35B7904FBEEAFC55D0059826E664B9BBCF372
1.pygtex) [62]
Overfull \hbox (14.58331pt too wide) in paragraph at lines 792--793
[]\OT1/cmr/m/n/12 Proces kom-pi-la-ci-je i iz-vr^^Tsavanja k^oda u pro-gram-sko
m je-zi-ku Paj-ton uklju^^Tcuje
 []

<slike/python-code-copiler-machine-code.png, id=266, 963.6pt x 542.025pt>
File: slike/python-code-copiler-machine-code.png Graphic file (type png)
<use slike/python-code-copiler-machine-code.png>
Package pdftex.def Info: slike/python-code-copiler-machine-code.png  used on in
put line 806.
(pdftex.def)             Requested size: 349.99814pt x 169.99442pt.

Underfull \vbox (badness 4608) has occurred while \output is active []

 [63]
[64 <./slike/python-code-copiler-machine-code.png>]
Overfull \hbox (45.8456pt too wide) in paragraph at lines 831--831
[]\OT1/cmr/bx/n/17.28 O ne-kim pro-gram-skim kon-cep-ti-ma i ugra[]denim
 []

\openout3 = `main.pyg'.


(./_minted-main/4AC35C08FE739F26555F111DB09E79474FBEEAFC55D0059826E664B9BBCF372
1.pygtex)
\openout3 = `main.pyg'.


(./_minted-main/D2D429E2BC267E6C8B171217CB6939AC4FBEEAFC55D0059826E664B9BBCF372
1.pygtex)
\openout3 = `main.pyg'.


(./_minted-main/C96B1CE77C233F8945CC260D9FBC67FE4FBEEAFC55D0059826E664B9BBCF372
1.pygtex)
\openout3 = `main.pyg'.


(./_minted-main/E3D56ECDFAF774BC3B66516C6BB071C34FBEEAFC55D0059826E664B9BBCF372
1.pygtex
Overfull \hbox (49.8303pt too wide) has occurred while \output is active
\OT1/cmr/m/sl/12 2.9.  O NEKIM PROGRAMSKIM KONCEPTIMA I UGRA[]DENIM FUNKCIJAMA 
\OT1/cmr/m/n/12 65
 []

[65])
Overfull \hbox (5.99739pt too wide) in paragraph at lines 870--871
[]\OT1/cmr/m/n/12 Funckije \OT1/cmr/m/it/12 map\OT1/cmr/m/n/12 (), \OT1/cmr/m/i
t/12 fil-ter\OT1/cmr/m/n/12 () i \OT1/cmr/m/it/12 re-du-ce\OT1/cmr/m/n/12 () su
 ugra[]dene funk-ci-je ko-je se op^^Tstepoznate
 []

\openout3 = `main.pyg'.


(./_minted-main/798EF55DDB6CA83AC9DAD473F76FE7A34FBEEAFC55D0059826E664B9BBCF372
1.pygtex)
\openout3 = `main.pyg'.


(./_minted-main/B0CCF59CB8F908CC5CD997F71E04EAA04FBEEAFC55D0059826E664B9BBCF372
1.pygtex)
\openout3 = `main.pyg'.


(./_minted-main/48CDABB9375AF9AA9391878A295762AA4FBEEAFC55D0059826E664B9BBCF372
1.pygtex)
\openout3 = `main.pyg'.


(./_minted-main/A836D3B8DFBC56487D489F628345EBEE4FBEEAFC55D0059826E664B9BBCF372
1.pygtex [66])
\openout3 = `main.pyg'.


(./_minted-main/A1E10CDEF8B4A312811EB32FCD3AB1654FBEEAFC55D0059826E664B9BBCF372
1.pygtex)
\openout3 = `main.pyg'.


(./_minted-main/792D70B1A6DFA514615DE04EB786F4994FBEEAFC55D0059826E664B9BBCF372
1.pygtex)
\openout3 = `main.pyg'.


(./_minted-main/2F8A3BC0E460258C820F10350A85FF9C4FBEEAFC55D0059826E664B9BBCF372
1.pygtex)
\openout3 = `main.pyg'.


(./_minted-main/EE07EA5070FB0717B8AAE4FD5F8CCFBD4FBEEAFC55D0059826E664B9BBCF372
1.pygtex
Overfull \hbox (49.8303pt too wide) has occurred while \output is active
\OT1/cmr/m/sl/12 2.9.  O NEKIM PROGRAMSKIM KONCEPTIMA I UGRA[]DENIM FUNKCIJAMA 
\OT1/cmr/m/n/12 67
 []

[67])
\openout3 = `main.pyg'.


(./_minted-main/058E1BA0C2715CEA4B1216A58ACFF3174FBEEAFC55D0059826E664B9BBCF372
1.pygtex)
\openout3 = `main.pyg'.


(./_minted-main/590263F580C5EC8EAF4D90E01E35D62E4FBEEAFC55D0059826E664B9BBCF372
1.pygtex)
\openout3 = `main.pyg'.


(./_minted-main/05A5ED4C1425843DFF73F72AFD84DFD74FBEEAFC55D0059826E664B9BBCF372
1.pygtex)
\openout3 = `main.pyg'.


(./_minted-main/3176C40F8091B8F3C260740284E67E4D4FBEEAFC55D0059826E664B9BBCF372
1.pygtex) [68]
\openout3 = `main.pyg'.


(./_minted-main/A171D6898518A7713635F20218E45C2B4FBEEAFC55D0059826E664B9BBCF372
1.pygtex)
\openout3 = `main.pyg'.


(./_minted-main/F76C554CF0B8AB17083E5EA96DA91D1D4FBEEAFC55D0059826E664B9BBCF372
1.pygtex)
\openout3 = `main.pyg'.


(./_minted-main/2EA259A27B0C37BB57895436E54A4B854FBEEAFC55D0059826E664B9BBCF372
1.pygtex)
\openout3 = `main.pyg'.


(./_minted-main/E6612573A3547D36E27F1FFC2ED8A49B4FBEEAFC55D0059826E664B9BBCF372
1.pygtex) [69]
\openout3 = `main.pyg'.


(./_minted-main/BF51300EEFF51460E49737001BCF34A94FBEEAFC55D0059826E664B9BBCF372
1.pygtex)
\openout3 = `main.pyg'.


(./_minted-main/747AA5E32A7EF88FE4C3A766268A83444FBEEAFC55D0059826E664B9BBCF372
1.pygtex)
\openout3 = `main.pyg'.


(./_minted-main/99ACE57B6CAD1CBF604984E3D3ED7BF84FBEEAFC55D0059826E664B9BBCF372
1.pygtex)
\openout3 = `main.pyg'.


(./_minted-main/5523E1DBE152252F041756C3D580568D4FBEEAFC55D0059826E664B9BBCF372
1.pygtex [70]) [71] [72]
Overfull \hbox (2.11954pt too wide) in paragraph at lines 1101--1102
\OT1/cmr/m/n/12 jum i sve po-treb-ne me[]du-direktorijume sa na-ve-de-nim na-zi
-vom i na^^Tcinom
 []

[73]
\openout3 = `main.pyg'.


(./_minted-main/BC2465834FC2911299F65263E5F2E9814FBEEAFC55D0059826E664B9BBCF372
1.pygtex)
\openout3 = `main.pyg'.


(./_minted-main/DD5C245D55CA5DD93EDF0469AFF73E2E4FBEEAFC55D0059826E664B9BBCF372
1.pygtex)
\openout3 = `main.pyg'.


(./_minted-main/8279D5174290D16B3600CEA004C989474FBEEAFC55D0059826E664B9BBCF372
1.pygtex)
\openout3 = `main.pyg'.


(./_minted-main/2C6BF7438FC9CA1F7A64AF2F306442A14FBEEAFC55D0059826E664B9BBCF372
1.pygtex [74])
<slike/419627_1_En_2_Fig4_HTML.jpg, id=305, 687.56876pt x 480.79625pt>
File: slike/419627_1_En_2_Fig4_HTML.jpg Graphic file (type jpg)
<use slike/419627_1_En_2_Fig4_HTML.jpg>
Package pdftex.def Info: slike/419627_1_En_2_Fig4_HTML.jpg  used on input line 
1152.
(pdftex.def)             Requested size: 399.99667pt x 260.00024pt.

Overfull \hbox (9.99667pt too wide) in paragraph at lines 1152--1153
 [][] 
 []

\openout3 = `main.pyg'.


(./_minted-main/4CE561679B49D294B12FFAE22AA2B28E4FBEEAFC55D0059826E664B9BBCF372
1.pygtex) [75 <./slike/419627_1_En_2_Fig4_HTML.jpg>]
\openout3 = `main.pyg'.


(./_minted-main/95E7AD731743C06897B067F2467AB8004FBEEAFC55D0059826E664B9BBCF372
1.pygtex)
\openout3 = `main.pyg'.


(./_minted-main/E8CF8185EF2AC98BEC90724ADB1185E84FBEEAFC55D0059826E664B9BBCF372
1.pygtex) [76]
\openout3 = `main.pyg'.


(./_minted-main/A4309D6B539E0CB08186B3754E266BA44FBEEAFC55D0059826E664B9BBCF372
1.pygtex) [77]

! Package inputenc Error: Unicode character ¬û (U+009E)
(inputenc)                not set up for use with LaTeX.

See the inputenc package documentation for explanation.
Type  H <return>  for immediate help.
 ...                                              
                                                  
l.1242 ... nizova znakova, na osnovu odreƒëenih ¬û
                                                  sintaksnih pravila. U prev...

You may provide a definition with
\DeclareUnicodeCharacter 

LaTeX Font Info:    Trying to load font information for OMS+cmr on input line 1
243.
(/usr/share/texlive/texmf-dist/tex/latex/base/omscmr.fd
File: omscmr.fd 2019/12/16 v2.5j Standard LaTeX font definitions
)
LaTeX Font Info:    Font shape `OMS/cmr/m/n' in size <12> not available
(Font)              Font shape `OMS/cmsy/m/n' tried instead on input line 1243.



LaTeX Warning: Command \^ invalid in math mode on input line 1255.

! Please use \mathaccent for accents in math mode.
\add@accent ... \let \ignorespaces \relax \accent 
                                                  #1 #2\egroup \spacefactor ...
l.1255     	\item $[\^ \ 
                          ]$: sparuje bilo koji karakter taƒçno jednom koji ...
I'm changing \accent to \mathaccent here; wish me luck.
(Accents are not the same in formulas as they are in text.)

! Missing { inserted.
<to be read again> 
                   \ 
l.1255     	\item $[\^ \ 
                          ]$: sparuje bilo koji karakter taƒçno jednom koji ...
A left brace was mandatory here, so I've put one in.
You might want to delete and/or insert some corrections
so that I will find a matching right brace soon.
(If you're confused by all this, try typing `I}' now.)

! You can't use `\spacefactor' in math mode.
\add@accent ... \accent #1 #2\egroup \spacefactor 
                                                  \accent@spacefactor 
l.1255     	\item $[\^ \ 
                          ]$: sparuje bilo koji karakter taƒçno jednom koji ...
Sorry, but I'm not programmed to handle this case;
I'll just pretend that you didn't ask for it.
If you're in the wrong mode, you might be able to
return to the right one by typing `I}' or `I$' or `I\par'.

! Missing } inserted.
<inserted text> 
                }
l.1255     	\item $[\^ \  ]$
                            : sparuje bilo koji karakter taƒçno jednom koji ...
I've inserted something that you may have forgotten.
(See the <inserted text> above.)
With luck, this will get me unwedged. But if you
really didn't forget anything, try typing `2' now; then
my insertion and my current dilemma will both disappear.

Missing character: There is no Ë in font cmex10!
[78]
Overfull \hbox (8.75636pt too wide) in paragraph at lines 1263--1265
[]\OT1/cmr/m/it/12 Kvantifikatori \OT1/cmr/m/n/12 -- na-vo-de se na-kon zna-ka 
ili gru-pe, i oni odre[]duju u^^Tcestalost
 []

[79]
\openout3 = `main.pyg'.


(./_minted-main/0052282D894D782C273788FB89215D394FBEEAFC55D0059826E664B9BBCF372
1.pygtex)
\openout3 = `main.pyg'.


(./_minted-main/F8DF58E128363850A4A5893FF1926C4D4FBEEAFC55D0059826E664B9BBCF372
1.pygtex) [80]
\openout3 = `main.pyg'.


(./_minted-main/CE03F54BF3489B79DA506B995DFE02E14FBEEAFC55D0059826E664B9BBCF372
1.pygtex)
\openout3 = `main.pyg'.


(./_minted-main/587057EE3BFEE005356C1AEA8866FB594FBEEAFC55D0059826E664B9BBCF372
1.pygtex) [81]
\openout3 = `main.pyg'.


(./_minted-main/77DC6BB64991428D50A6BB59767415BE4FBEEAFC55D0059826E664B9BBCF372
1.pygtex [82])
\openout3 = `main.pyg'.


(./_minted-main/5F3B1A00668A3835CA7CCE4489FD2EBA4FBEEAFC55D0059826E664B9BBCF372
1.pygtex)
\openout3 = `main.pyg'.


(./_minted-main/EAF10ED57975B09FECB0A3EECBCABD714FBEEAFC55D0059826E664B9BBCF372
1.pygtex)
<slike/numpy_array.png, id=331, 631.35875pt x 429.605pt>
File: slike/numpy_array.png Graphic file (type png)
<use slike/numpy_array.png>
Package pdftex.def Info: slike/numpy_array.png  used on input line 1416.
(pdftex.def)             Requested size: 249.99571pt x 170.00348pt.
\openout3 = `main.pyg'.


(./_minted-main/B96D8CEBAA12BA663EA3480E9DC2C2BC4FBEEAFC55D0059826E664B9BBCF372
1.pygtex [83]) [84 <./slike/numpy_array.png>]
\openout3 = `main.pyg'.


(./_minted-main/1016CF7DD6C54D349F86E5A5FF69AF064FBEEAFC55D0059826E664B9BBCF372
1.pygtex)
Overfull \hbox (47.83247pt too wide) in paragraph at lines 1465--1466
\OT1/cmr/m/n/12 je. Npr. za 2D niz, \OT1/cmr/m/it/12 stri-de \OT1/cmr/m/n/12 to
r-ka je de-fi-ni-sa-na sa (bajt[]za[]pomicanje[]u[]smjeru[]reda,
 []

[85]
Overfull \hbox (59.06686pt too wide) in paragraph at lines 1477--1478
\OT1/cmr/m/n/12 mo^^Sc mo-du-la \OT1/cmtt/m/n/12 ctypes\OT1/cmr/m/n/12 . U^^Tci
tavamo .dll fajl po-zi-va-njem funk-ci-je \OT1/cmr/m/it/12 cdll.LoadLibrary(pat
h)
 []

\openout3 = `main.pyg'.


(./_minted-main/DD87C38849FB153FE5AE7417B5C8FBA62F427962ED4E6A717DE0D192A922302
F.pygtex)
\openout3 = `main.pyg'.


(./_minted-main/BB42D2068607D4F9BC14188976A8EFC82F427962ED4E6A717DE0D192A922302
F.pygtex [86])
\openout3 = `main.pyg'.


(./_minted-main/F2F7EA957E5D953A9F2D12C4DB3CFDB84FBEEAFC55D0059826E664B9BBCF372
1.pygtex)
\openout3 = `main.pyg'.


(./_minted-main/F4452C4FB38778F82A05FB6A410321C94FBEEAFC55D0059826E664B9BBCF372
1.pygtex)
\openout3 = `main.pyg'.


(./_minted-main/E9D868BE5B31ABA22390F9EB470BDD074FBEEAFC55D0059826E664B9BBCF372
1.pygtex)
\openout3 = `main.pyg'.


(./_minted-main/AF4B0E49F4C275A914AC1EFC842F1C914FBEEAFC55D0059826E664B9BBCF372
1.pygtex [87])
\openout3 = `main.pyg'.


(./_minted-main/B3204B4BF4A7F96358798C849A9B2F944FBEEAFC55D0059826E664B9BBCF372
1.pygtex)
Overfull \hbox (5.25575pt too wide) in paragraph at lines 1553--1553
[]\OT1/cmr/bx/n/17.28 Postavljanje ko-ri-sni^^Tcki kre-i-ra-ni mo-dul na
 []

[88]
! Undefined control sequence.
l.1557 ...iƒçnoj PyPI veb stranici, na linku  \url
                                                  {https://pypi.org/account/...
The control sequence at the end of the top line
of your error message was never \def'ed. If you have
misspelled it (e.g., `\hobx'), type `I' and the correct
spelling (e.g., `I\hbox'). Otherwise just continue,
and I'll forget about whatever was undefined.

\openout3 = `main.pyg'.


(./_minted-main/C4764F1D047E287E7266C5E080465EB14FBEEAFC55D0059826E664B9BBCF372
1.pygtex)
\openout3 = `main.pyg'.


(./_minted-main/BACACE2C946F351BA48415078BFA8D004FBEEAFC55D0059826E664B9BBCF372
1.pygtex)
\openout3 = `main.pyg'.


(./_minted-main/9FAE0AF0C5492C1C623C942E4959F3434FBEEAFC55D0059826E664B9BBCF372
1.pygtex)
\openout3 = `main.pyg'.


(./_minted-main/589C658ACD6BC816411B409C75D025884FBEEAFC55D0059826E664B9BBCF372
1.pygtex
Overfull \hbox (65.501pt too wide) has occurred while \output is active
\OT1/cmr/m/sl/12 2.18.  POSTAVLJANJE KORISNI[]CKI KREIRANI MODUL NA PYPI REPOZI
TORIJ \OT1/cmr/m/n/12 89
 []

[89])
\openout3 = `main.pyg'.


(./_minted-main/D1A5B0AA45B742DCF316C3D6B4D2EC394FBEEAFC55D0059826E664B9BBCF372
1.pygtex)
\openout3 = `main.pyg'.


(./_minted-main/D952FB92E458847653793A355F9E77F84FBEEAFC55D0059826E664B9BBCF372
1.pygtex)
Overfull \hbox (7.60866pt too wide) in paragraph at lines 1621--1622
[]\OT1/cmr/m/n/12 Napisati funk-ci-ju ko-ja ro-ti-ra li-stu za $\OML/cmm/m/it/1
2 k$ \OT1/cmr/m/n/12 ele-me-na-ta. Npr. li-sta $[1\OML/cmm/m/it/12 ; \OT1/cmr/m
/n/12 2\OML/cmm/m/it/12 ; \OT1/cmr/m/n/12 3\OML/cmm/m/it/12 ; \OT1/cmr/m/n/12 4
\OML/cmm/m/it/12 ; \OT1/cmr/m/n/12 5\OML/cmm/m/it/12 ; \OT1/cmr/m/n/12 6]$
 []

[90]
Overfull \hbox (4.80048pt too wide) detected at line 1638
\OML/cmm/m/it/12 < Ime[]prezime >; < datum[]upisa[]na[]fakultet >; < godine[]st
arosti >
 []


Overfull \hbox (65.501pt too wide) has occurred while \output is active
\OT1/cmr/m/sl/12 2.18.  POSTAVLJANJE KORISNI[]CKI KREIRANI MODUL NA PYPI REPOZI
TORIJ \OT1/cmr/m/n/12 91
 []

[91] [92])
Overfull \hbox (65.501pt too wide) has occurred while \output is active
\OT1/cmr/m/sl/12 2.18.  POSTAVLJANJE KORISNI[]CKI KREIRANI MODUL NA PYPI REPOZI
TORIJ \OT1/cmr/m/n/12 93
 []

[93]
\openout2 = `chapter-03-04/chapter03.aux'.

 (./chapter-03-04/chapter03.tex [94



]
Glava 3.

Overfull \hbox (2.98154pt too wide) in paragraph at lines 10--11
[]\OT1/cmr/m/it/12 Funkcijsko pro-gra-mi-ra-nje\OT1/cmr/m/n/12 : Ova pa-ra-dig-
ma se fo-ku-si-ra na ko-ri^^Tstenje funk-
 []

[95]
Overfull \hbox (21.58702pt too wide) in paragraph at lines 29--30
[]\OT1/cmr/m/it/12 Randomizirani al-go-rit-mi \OT1/cmr/m/n/12 (eng. \OT1/cmr/m/
it/12 ran-do-mi-zed\OT1/cmr/m/n/12 ) -- uklju^^Tcuje uvo[]denje slu^^Tcajnosti
 []

[96]
Overfull \hbox (13.37726pt too wide) in paragraph at lines 37--39
[]\OT1/cmr/m/n/12 Rije^^Tc re-kur-zi-ja po-ti^^Tce od la-tin-ske ri-je^^Tci \OT
1/cmr/m/it/12 re-cur-re-re\OT1/cmr/m/n/12 , ^^Tsto do-slov-no zna^^Tci vra^^Sca
nje.
 []

\openout3 = `main.pyg'.


(./_minted-main/D1C4808D4B26759CCCBF19D93E5095784FBEEAFC55D0059826E664B9BBCF372
1.pygtex [97])
Overfull \hbox (4.6891pt too wide) in paragraph at lines 66--67
[]\OT1/cmr/m/n/12 Napi^^Tsimo sa-da re-kur-zi-ju za ra^^Tcunanje fak-to-ri-je-l
a bro-ja $\OML/cmm/m/it/12 n$\OT1/cmr/m/n/12 . Ozna^^Tcimo $\OML/cmm/m/it/12 f\
OT1/cmr/m/n/12 (\OML/cmm/m/it/12 n\OT1/cmr/m/n/12 ) =
 []

\openout3 = `main.pyg'.


(./_minted-main/7012B7D877226FBCF76A1973CA1863334FBEEAFC55D0059826E664B9BBCF372
1.pygtex)
<slike/factorial_recursion_tree.png, id=381, 524.96124pt x 466.74374pt>
File: slike/factorial_recursion_tree.png Graphic file (type png)
<use slike/factorial_recursion_tree.png>
Package pdftex.def Info: slike/factorial_recursion_tree.png  used on input line
 83.
(pdftex.def)             Requested size: 220.0016pt x 139.99571pt.
 [98 <./slike/factorial_recursion_tree.png>]
\openout3 = `main.pyg'.


(./_minted-main/8DAB524AEED9232F11C6BC419C19D2D84FBEEAFC55D0059826E664B9BBCF372
1.pygtex)
\openout3 = `main.pyg'.


(./_minted-main/1D346A0C858D26E15647653C86A4C6204FBEEAFC55D0059826E664B9BBCF372
1.pygtex [99]) [100]
<slike/mandelbrot.png, id=393, 1204.5pt x 1204.5pt>
File: slike/mandelbrot.png Graphic file (type png)
<use slike/mandelbrot.png>
Package pdftex.def Info: slike/mandelbrot.png  used on input line 172.
(pdftex.def)             Requested size: 99.98267pt x 79.98613pt.
 [101 <./slike/mandelbrot.png>]
\openout3 = `main.pyg'.


(./_minted-main/AA1FC1D9FBB020011BBB5A316A96CFBE4FBEEAFC55D0059826E664B9BBCF372
1.pygtex)
<slike/fib_rec.jpeg, id=398, 604.2575pt x 321.2pt>
File: slike/fib_rec.jpeg Graphic file (type jpg)
<use slike/fib_rec.jpeg>
Package pdftex.def Info: slike/fib_rec.jpeg  used on input line 218.
(pdftex.def)             Requested size: 249.9969pt x 140.00023pt.
 [102]
<slike/tower.png, id=402, 466.74374pt x 211.79124pt>
File: slike/tower.png Graphic file (type png)
<use slike/tower.png>
Package pdftex.def Info: slike/tower.png  used on input line 245.
(pdftex.def)             Requested size: 270.01361pt x 150.00443pt.
 [103 <./slike/fib_rec.jpeg>]
\openout3 = `main.pyg'.


(./_minted-main/91F6F959261509DBA0322E48DCEFB2F84FBEEAFC55D0059826E664B9BBCF372
1.pygtex [104 <./slike/tower.png>]) [105]
\openout3 = `main.pyg'.


(./_minted-main/5F19D7F55625EF04AB54E9116E3DE9D34FBEEAFC55D0059826E664B9BBCF372
1.pygtex) [106]
\openout3 = `main.pyg'.


(./_minted-main/2FCD5EBE2DC0B8F9E346C1D72DC4FC3E4FBEEAFC55D0059826E664B9BBCF372
1.pygtex
Overfull \hbox (15.59718pt too wide) in paragraph at lines 362--1
[]\OT1/cmr/m/n/12 Jasno je da je skup rje^^Tsenja pro-ble-ma ruk-sa-ka po-i-sto
-vi-je^^Scen sa pre-tra^^Tzivanjem
 []

[107])
Underfull \vbox (badness 10000) has occurred while \output is active []

 [108]
\openout3 = `main.pyg'.


(./_minted-main/C5E55D68D4E5712CFA20BD21B15937214FBEEAFC55D0059826E664B9BBCF372
1.pygtex [109])
\openout3 = `main.pyg'.


(./_minted-main/B6D68F7A11DD1946E6C31099F85B80024FBEEAFC55D0059826E664B9BBCF372
1.pygtex)
Overfull \hbox (6.23386pt too wide) in paragraph at lines 465--466
\OT1/cmr/m/n/12 mo^^Scni pro-stor kom-plek-sno-sti $\OML/cmm/m/it/12 O\OT1/cmr/
m/n/12 (\OML/cmm/m/it/12 n\OT1/cmr/m/n/12 )$, za alo-ka-ci-ju pro-sto-ra ste-ka
 to-kom izvo[]denja
 []


Overfull \hbox (1.1417pt too wide) in paragraph at lines 472--474
[]\OT1/cmr/m/n/12 Za upo-tre-bu bi-nar-nog pre-tra^^Tzivanja u bi-lo ko-joj str
uk-tu-ri po-da-ta-ka, struk-
 []

[110]
\openout3 = `main.pyg'.


(./_minted-main/66E1713D6B7F22BEC0D5DC9B814643EB4FBEEAFC55D0059826E664B9BBCF372
1.pygtex) [111]
Overfull \hbox (21.32646pt too wide) in paragraph at lines 516--517
[]\OT1/cmr/m/n/12 Razmotrimo slje-de^^Sci \OT1/cmr/m/it/12 niz$\OT1/cmr/m/n/12 
= [0\OML/cmm/m/it/12 ; \OT1/cmr/m/n/12 1\OML/cmm/m/it/12 ; \OT1/cmr/m/n/12 1\OM
L/cmm/m/it/12 ; \OT1/cmr/m/n/12 2\OML/cmm/m/it/12 ; \OT1/cmr/m/n/12 3\OML/cmm/m
/it/12 ; \OT1/cmr/m/n/12 5\OML/cmm/m/it/12 ; \OT1/cmr/m/n/12 8\OML/cmm/m/it/12 
; \OT1/cmr/m/n/12 12\OML/cmm/m/it/12 ; \OT1/cmr/m/n/12 24\OML/cmm/m/it/12 ; \OT
1/cmr/m/n/12 37\OML/cmm/m/it/12 ; \OT1/cmr/m/n/12 55\OML/cmm/m/it/12 ; \OT1/cmr
/m/n/12 82\OML/cmm/m/it/12 ; \OT1/cmr/m/n/12 140\OML/cmm/m/it/12 ; \OT1/cmr/m/n
/12 433\OML/cmm/m/it/12 ; \OT1/cmr/m/n/12 567\OML/cmm/m/it/12 ; \OT1/cmr/m/n/12
 622]$.
 []

\openout3 = `main.pyg'.


(./_minted-main/8D2A1487FD5D5A0F5309FA495AB1DD884FBEEAFC55D0059826E664B9BBCF372
1.pygtex [112]) [113]
\openout3 = `main.pyg'.


(./_minted-main/8DF411452A029B00CEE3FB0AE48B662F4FBEEAFC55D0059826E664B9BBCF372
1.pygtex) [114]
\openout3 = `main.pyg'.


(./_minted-main/CC9A923CEDE589BAD17A6B608788D46A4FBEEAFC55D0059826E664B9BBCF372
1.pygtex [115])
\openout3 = `main.pyg'.


(./_minted-main/EEC91274EFBB7EE91047C9C103F513924FBEEAFC55D0059826E664B9BBCF372
1.pygtex [116] [117])
<slike/merge-sort-example.png, id=452, 608.2725pt x 618.31pt>
File: slike/merge-sort-example.png Graphic file (type png)
<use slike/merge-sort-example.png>
Package pdftex.def Info: slike/merge-sort-example.png  used on input line 725.
(pdftex.def)             Requested size: 199.99731pt x 150.00131pt.
 [118 <./slike/merge-sort-example.png>]
Overfull \hbox (5.02177pt too wide) in paragraph at lines 747--748
\OT1/cmr/m/n/12 Iz ma-ster te-o-re-me, sli-je-di da je sa-da kom-plek-snost al-
go-rit-ma jed-na-ka $\OML/cmm/m/it/12 O\OT1/cmr/m/n/12 (\OML/cmm/m/it/12 n[]\OT
1/cmr/m/n/12 )$. 
 []


Overfull \hbox (0.6878pt too wide) in paragraph at lines 750--750
[]\OT1/cmr/bx/n/17.28 Algoritamska pa-ra-dig-ma vra^^Scanja una-zad 
 []

[119]
<slike/n-queen-problem.png, id=460, 185.69376pt x 168.63pt>
File: slike/n-queen-problem.png Graphic file (type png)
<use slike/n-queen-problem.png>
Package pdftex.def Info: slike/n-queen-problem.png  used on input line 794.
(pdftex.def)             Requested size: 200.00507pt x 180.0026pt.

Underfull \vbox (badness 10000) has occurred while \output is active []

 [120]
\openout3 = `main.pyg'.


(./_minted-main/70D8245B65629178E6F5FA64BC2EADDF4FBEEAFC55D0059826E664B9BBCF372
1.pygtex [121 <./slike/n-queen-problem.png>])
<slike/recursion-tree-backtracking-n-queens.png, id=468, 447.6725pt x 326.21875
pt>
File: slike/recursion-tree-backtracking-n-queens.png Graphic file (type png)
<use slike/recursion-tree-backtracking-n-queens.png>
Package pdftex.def Info: slike/recursion-tree-backtracking-n-queens.png  used o
n input line 827.
(pdftex.def)             Requested size: 320.00827pt x 250.00949pt.
 [122 <./slike/recursion-tree-backtracking-n-queens.png>]
\openout3 = `main.pyg'.


(./_minted-main/491D2E91926E32853BFFEC3D1D7A06034FBEEAFC55D0059826E664B9BBCF372
1.pygtex) [123] [124]
Overfull \hbox (3.746pt too wide) in paragraph at lines 931--932
[]\OT1/cmr/m/n/12 U na-stav-ku na-vo-di-mo ne-ko-li-ko pri-mje-na po-help-nih a
l-go-ri-ta-ma u rje^^Tsavanju
 []

[125]
Underfull \hbox (badness 10000) in paragraph at lines 943--947

 []


Overfull \hbox (15.2397pt too wide) in paragraph at lines 948--949
[]\OT1/cmr/m/n/12 Konstrui^^Tsimo sa-da po-hlep-nu funk-ci-ju. Ide-ja je da pr-
vo raz-ma-tra-mo nov^^Tcanice
 []

\openout3 = `main.pyg'.


(./_minted-main/5829B647B21E982D0356872943605B654FBEEAFC55D0059826E664B9BBCF372
1.pygtex [126])
Overfull \hbox (15.69055pt too wide) in paragraph at lines 973--974
[]\OT1/cmr/m/it/12 Kompleksnost al-go-rit-ma\OT1/cmr/m/n/12 . Sor-ti-ra-nje al-
go-rit-ma za-htje-va vri-je-me od $\OML/cmm/m/it/12 O\OT1/cmr/m/n/12 (\OML/cmm/
m/it/12 n [] n\OT1/cmr/m/n/12 )$.
 []


Underfull \hbox (badness 10000) in paragraph at lines 978--979

 []


Underfull \hbox (badness 10000) in paragraph at lines 984--989

 []


Overfull \hbox (25.65535pt too wide) in paragraph at lines 993--995
[]\OT1/cmr/m/it/12 Parcijalno rje^^Tsenje i kom-po-nen-te rje^^Tsenja\OT1/cmr/m
/n/12 . Par-ci-jal-no rje^^Tsenje $\OML/cmm/m/it/12 c \OT1/cmr/m/n/12 = \OMS/cm
sy/m/n/12 f\OML/cmm/m/it/12 c[]; [] ; c[]\OMS/cmsy/m/n/12 g$\OT1/cmr/m/n/12 ,
 []

[127]
Underfull \hbox (badness 10000) in paragraph at lines 996--997

 []

\openout3 = `main.pyg'.


(./_minted-main/E22BBB77EFCC79C68D329E7425C8A6234FBEEAFC55D0059826E664B9BBCF372
1.pygtex [128]) [129]
Overfull \hbox (0.16486pt too wide) in paragraph at lines 1061--1062
[]\OT1/cmr/m/it/12 Parcijalno rje^^Tsenje i kom-po-nen-ta rje^^Tsenja\OT1/cmr/m
/n/12 . Pod par-ci-jal-nim rje^^Tsenjem ovog
 []

\openout3 = `main.pyg'.


(./_minted-main/F46706AEFC8D9B3BA6EB914142E5C95F4FBEEAFC55D0059826E664B9BBCF372
1.pygtex [130])
Overfull \hbox (10.01846pt too wide) in paragraph at lines 1111--1113
\OMS/cmsy/m/n/12 f\OT1/cmr/m/n/12 4\OML/cmm/m/it/12 ; \OT1/cmr/m/n/12 5\OMS/cms
y/m/n/12 g$\OT1/cmr/m/n/12 , pa $\OMS/cmsy/m/n/12 f\OT1/cmr/m/n/12 6\OMS/cmsy/m
/n/12 g$\OT1/cmr/m/n/12 . Da-kle, ko-na^^Tcno rje^^Tsenje je kar-di-nal-no-sti 
4. Me[]dutim, to o^^Tcigledno
 []


Overfull \hbox (58.16899pt too wide) in paragraph at lines 1111--1113
\OT1/cmr/m/n/12 ni-je op-ti-mal-no rje^^Tcenje. Op-ti-mal-no rje^^Tsenje je ve-
li^^Tcine 3 i da-to je sa $\OMS/cmsy/m/n/12 ff\OT1/cmr/m/n/12 1\OML/cmm/m/it/12
 ; \OT1/cmr/m/n/12 2\OMS/cmsy/m/n/12 g\OML/cmm/m/it/12 ; \OMS/cmsy/m/n/12 f\OT1
/cmr/m/n/12 3\OML/cmm/m/it/12 ; \OT1/cmr/m/n/12 6\OMS/cmsy/m/n/12 g\OML/cmm/m/i
t/12 ; \OMS/cmsy/m/n/12 f\OT1/cmr/m/n/12 4\OML/cmm/m/it/12 ; \OT1/cmr/m/n/12 5\
OMS/cmsy/m/n/12 gg$\OT1/cmr/m/n/12 . 
 []


Underfull \hbox (badness 10000) in paragraph at lines 1116--1120

 []

[131] [132]
Overfull \hbox (0.69756pt too wide) in paragraph at lines 1170--1171
[]\OT1/cmr/m/it/12 Pohlepna funk-ci-ja\OT1/cmr/m/n/12 . Za par-ci-jal-no rje^^T
senje $\OML/cmm/m/it/12 I[]$\OT1/cmr/m/n/12 , oda-bra-ti kom-po-nen-tu rje^^Tse
nja
 []

\openout3 = `main.pyg'.


(./_minted-main/42C965A8C2CD57351240242D8F30B73F4FBEEAFC55D0059826E664B9BBCF372
1.pygtex [133]) [134]
\openout3 = `main.pyg'.


(./_minted-main/5885934411EA137394CCF607563ABB9C4FBEEAFC55D0059826E664B9BBCF372
1.pygtex [135])
\openout3 = `main.pyg'.


(./_minted-main/11AB637D21E46C6FFC0A36D34C3C77834FBEEAFC55D0059826E664B9BBCF372
1.pygtex) [136]
<slike/dp-table-1.png, id=518, 272.01625pt x 263.98625pt>
File: slike/dp-table-1.png Graphic file (type png)
<use slike/dp-table-1.png>
Package pdftex.def Info: slike/dp-table-1.png  used on input line 1306.
(pdftex.def)             Requested size: 100.00108pt x 99.99759pt.
 [137 <./slike/dp-table-1.png>]
\openout3 = `main.pyg'.


(./_minted-main/8E7B4D97FB0D27D311BC8271CFED99244FBEEAFC55D0059826E664B9BBCF372
1.pygtex [138])

! LaTeX Error: There's no line here to end.

See the LaTeX manual or LaTeX Companion for explanation.
Type  H <return>  for immediate help.
 ...                                              
                                                  
l.1375 	\textit
               {Podproblemi}. Rije≈°imo problem ruksaka kapaciteta $j\leq C$...

Your command was ignored.
Type  I <command> <return>  to replace it with another command,
or  <return>  to continue without it.

\openout3 = `main.pyg'.


(./_minted-main/6CCBA4672CA29ED7C39FEED9E83DD70E4FBEEAFC55D0059826E664B9BBCF372
1.pygtex [139])
Underfull \vbox (badness 6708) has occurred while \output is active []

 [140]
[141]
Underfull \hbox (badness 10000) in paragraph at lines 1528--1529

 []

[142]
\openout3 = `main.pyg'.


(./_minted-main/48310F9652F56E79C5AA62A5577609974FBEEAFC55D0059826E664B9BBCF372
1.pygtex [143])
<slike/dp-lcs-table.png, id=542, 173.89969pt x 213.04594pt>
File: slike/dp-lcs-table.png Graphic file (type png)
<use slike/dp-lcs-table.png>
Package pdftex.def Info: slike/dp-lcs-table.png  used on input line 1579.
(pdftex.def)             Requested size: 99.99948pt x 100.00156pt.
 [144 <./slike/dp-lcs-table.png>]
\openout3 = `main.pyg'.


(./_minted-main/D44CB3D3E22E85E8DD42EC374DAB18894FBEEAFC55D0059826E664B9BBCF372
1.pygtex) [145]
\openout3 = `main.pyg'.


(./_minted-main/276727138E710ACF97A412876FD58D074FBEEAFC55D0059826E664B9BBCF372
1.pygtex) [146]
Overfull \hbox (2.15204pt too wide) in paragraph at lines 1683--1684
[]\OT1/cmr/m/it/12 Rekurzija\OT1/cmr/m/n/12 . Pod-pro-blem in-du-ko-van vri-jed
-no^^Ts^^Scu $\OML/cmm/m/it/12 i$ \OT1/cmr/m/n/12 mo^^Tzemo ri-je^^Tsiti rje^^T
savaju^^Sci
 []

\openout3 = `main.pyg'.


(./_minted-main/B8AD3480812D9F16FD662ABC23BF071E4FBEEAFC55D0059826E664B9BBCF372
1.pygtex [147])
Overfull \hbox (3.99867pt too wide) in paragraph at lines 1715--1716
[]\OT1/cmr/m/it/12 Kompleksnost al-go-rit-ma\OT1/cmr/m/n/12 . Dvi-je \OT1/cmtt/
m/n/12 for \OT1/cmr/m/n/12 pe-tlje iz-vr^^Tsavaju ukup-no naj-vi^^Tse $\OML/cmm
/m/it/12 O\OT1/cmr/m/n/12 (\OML/cmm/m/it/12 d[]\OT1/cmr/m/n/12 )$.
 []

<slike/brute-force-cutting-stick.png, id=557, 648.4225pt x 533.995pt>
File: slike/brute-force-cutting-stick.png Graphic file (type png)
<use slike/brute-force-cutting-stick.png>
Package pdftex.def Info: slike/brute-force-cutting-stick.png  used on input lin
e 1721.
(pdftex.def)             Requested size: 270.00058pt x 219.99861pt.
[148 <./slike/brute-force-cutting-stick.png>]

! Package inputenc Error: Unicode character ‚àí (U+2212)
(inputenc)                not set up for use with LaTeX.

See the inputenc package documentation for explanation.
Type  H <return>  for immediate help.
 ...                                              
                                                  
l.1740 ...o tra≈æeni broj ne postoji, vratiti $‚àí
                                                  1$.
You may provide a definition with
\DeclareUnicodeCharacter 

[149]
Underfull \hbox (badness 10000) in paragraph at lines 1768--1769

 []


Overfull \hbox (49.60138pt too wide) detected at line 1770
\OML/cmm/m/it/12 dict \OT1/cmr/m/n/12 = \OMS/cmsy/m/n/12 f[]\OML/cmm/m/it/12 ; 
[]; []; []; []; []; []; []; []; []; []; []; []; []; []; []\OMS/cmsy/m/n/12 g
 []


Overfull \hbox (3.05618pt too wide) in paragraph at lines 1773--1775
\OT1/cmr/m/n/12 na ras-po-la-ga-nju bes-ko-na^^Tcan broj plo^^Tcica for-ma-ta $
2[] \OMS/cmsy/m/n/12 ^^B \OT1/cmr/m/n/12 2[]$, $\OML/cmm/m/it/12 i \OT1/cmr/m/n
/12 = 0\OML/cmm/m/it/12 ; \OT1/cmr/m/n/12 1\OML/cmm/m/it/12 ; \OT1/cmr/m/n/12 2
\OML/cmm/m/it/12 ; \OT1/cmr/m/n/12 3\OML/cmm/m/it/12 ; []$\OT1/cmr/m/n/12 . 
 []

<slike/plococe-dp-zadatak.png, id=565, 194.7275pt x 180.675pt>
File: slike/plococe-dp-zadatak.png Graphic file (type png)
<use slike/plococe-dp-zadatak.png>
Package pdftex.def Info: slike/plococe-dp-zadatak.png  used on input line 1783.

(pdftex.def)             Requested size: 119.99884pt x 100.0001pt.
[150]) [151 <./slike/plococe-dp-zadatak.png>]
\openout2 = `chapter-03-04/chapter04.aux'.

 (./chapter-03-04/chapter04.tex
[152



]
Glava 4.

Underfull \hbox (badness 10000) in paragraph at lines 16--19

 []

\openout3 = `main.pyg'.


(./_minted-main/749F07CE2EA764BE1D9AF2261CA3FC534FBEEAFC55D0059826E664B9BBCF372
1.pygtex [153])
Underfull \hbox (badness 10000) in paragraph at lines 32--33

 []

\openout3 = `main.pyg'.


(./_minted-main/C97E709460685107E561497791ED24A44FBEEAFC55D0059826E664B9BBCF372
1.pygtex
Overfull \hbox (113.53528pt too wide) has occurred while \output is active
\OT1/cmr/m/n/12 154 \OT1/cmr/m/sl/12 GLAVA 4.  PRIMJENA ALGORITAMSKIH PARADIGMI
 NA PROBLEME IZ ARITMETIKE
 []

[154])
<slike/sieve-it-0.png, id=583, 871.255pt x 249.93375pt>
File: slike/sieve-it-0.png Graphic file (type png)
<use slike/sieve-it-0.png>
Package pdftex.def Info: slike/sieve-it-0.png  used on input line 72.
(pdftex.def)             Requested size: 340.0008pt x 120.00116pt.
<slike/sieve-it-1.png, id=584, 860.21375pt x 243.91125pt>
File: slike/sieve-it-1.png Graphic file (type png)
<use slike/sieve-it-1.png>
Package pdftex.def Info: slike/sieve-it-1.png  used on input line 81.
(pdftex.def)             Requested size: 339.99728pt x 120.00137pt.
File: slike/sieve-it-1.png Graphic file (type png)
<use slike/sieve-it-1.png>
Package pdftex.def Info: slike/sieve-it-1.png  used on input line 90.
(pdftex.def)             Requested size: 339.99728pt x 120.00137pt.
 [155 <./slike/sieve-it-0.png> <./slike/sieve-it-1.png>]
Overfull \hbox (13.02213pt too wide) in paragraph at lines 103--104
[]\OT1/cmr/m/n/12 Sa sta-no-vi^^Tsta iz-ra^^Tcunavanja, po-sta-vlja se pi-ta-nj
e ka-ko pro-blem iz-ra^^Tcunavanja
 []


Overfull \hbox (0.52304pt too wide) in paragraph at lines 105--106
[]\OT1/cmr/m/n/12 Prvo pri-mi-je-ni-mo pa-ra-dig-mu po-di-je-li pa za-vla-daj. 
Da-ke, za broj $\OML/cmm/m/it/12 n$\OT1/cmr/m/n/12 , na[]dimo
 []

\openout3 = `main.pyg'.


(./_minted-main/1F197A226763A07D42A2C859C070EB7B4FBEEAFC55D0059826E664B9BBCF372
1.pygtex
Overfull \hbox (113.53528pt too wide) has occurred while \output is active
\OT1/cmr/m/n/12 156 \OT1/cmr/m/sl/12 GLAVA 4.  PRIMJENA ALGORITAMSKIH PARADIGMI
 NA PROBLEME IZ ARITMETIKE
 []

[156]) [157]
Overfull \hbox (9.40497pt too wide) in paragraph at lines 166--168
\OT1/cmr/m/n/12 ^^Tsto nam da-je re-kur-zi-ju za ra^^Tcunanje bi-nom-nih ko-e-f
i-ci-jen-ta. Da-kle, ako ozna^^Tcimo
 []

\openout3 = `main.pyg'.


(./_minted-main/D0D2C7E06FB96F5DBD475CE6B766F1434FBEEAFC55D0059826E664B9BBCF372
1.pygtex)
Underfull \hbox (badness 10000) in paragraph at lines 180--181

 []


Overfull \hbox (113.53528pt too wide) has occurred while \output is active
\OT1/cmr/m/n/12 158 \OT1/cmr/m/sl/12 GLAVA 4.  PRIMJENA ALGORITAMSKIH PARADIGMI
 NA PROBLEME IZ ARITMETIKE
 []

[158]
\openout3 = `main.pyg'.


(./_minted-main/4E2061B42917FA6404089F24DD8C9CC94FBEEAFC55D0059826E664B9BBCF372
1.pygtex) [159]
<slike/catalan-net.png, id=603, 729.72626pt x 345.29pt>
File: slike/catalan-net.png Graphic file (type png)
<use slike/catalan-net.png>
Package pdftex.def Info: slike/catalan-net.png  used on input line 229.
(pdftex.def)             Requested size: 279.99345pt x 159.9997pt.

Overfull \hbox (21.64536pt too wide) in paragraph at lines 235--237
[]\OT1/cmr/m/n/12 Prvih ne-ko-li-ko Ka-ta-la-no-vih bro-je-va su: $1\OML/cmm/m/
it/12 ; \OT1/cmr/m/n/12 1\OML/cmm/m/it/12 ; \OT1/cmr/m/n/12 2\OML/cmm/m/it/12 ;
 \OT1/cmr/m/n/12 5\OML/cmm/m/it/12 ; \OT1/cmr/m/n/12 14\OML/cmm/m/it/12 ; \OT1/
cmr/m/n/12 42\OML/cmm/m/it/12 ; \OT1/cmr/m/n/12 132\OML/cmm/m/it/12 ; \OT1/cmr/
m/n/12 429\OML/cmm/m/it/12 ; \OT1/cmr/m/n/12 1430\OML/cmm/m/it/12 ; \OT1/cmr/m/
n/12 4862\OML/cmm/m/it/12 ; []$ 
 []

\openout3 = `main.pyg'.


(./_minted-main/C0DA6DB07D53DF42520CE727EA6C68C64FBEEAFC55D0059826E664B9BBCF372
1.pygtex
Overfull \hbox (113.53528pt too wide) has occurred while \output is active
\OT1/cmr/m/n/12 160 \OT1/cmr/m/sl/12 GLAVA 4.  PRIMJENA ALGORITAMSKIH PARADIGMI
 NA PROBLEME IZ ARITMETIKE
 []

[160 <./slike/catalan-net.png>])
\openout3 = `main.pyg'.


(./_minted-main/4737DFDAD62087241C22E193553745A44FBEEAFC55D0059826E664B9BBCF372
1.pygtex [161])
Overfull \hbox (113.53528pt too wide) has occurred while \output is active
\OT1/cmr/m/n/12 162 \OT1/cmr/m/sl/12 GLAVA 4.  PRIMJENA ALGORITAMSKIH PARADIGMI
 NA PROBLEME IZ ARITMETIKE
 []

[162]
\openout3 = `main.pyg'.


(./_minted-main/7C6925BB28A555DC78A4800687E5D54C4FBEEAFC55D0059826E664B9BBCF372
1.pygtex)
Underfull \hbox (badness 10000) in paragraph at lines 350--351

 []

[163]
\openout3 = `main.pyg'.


(./_minted-main/C2D67C23E4DA8B569116E15DCF1001E64FBEEAFC55D0059826E664B9BBCF372
1.pygtex
Overfull \hbox (113.53528pt too wide) has occurred while \output is active
\OT1/cmr/m/n/12 164 \OT1/cmr/m/sl/12 GLAVA 4.  PRIMJENA ALGORITAMSKIH PARADIGMI
 NA PROBLEME IZ ARITMETIKE
 []

[164])
Overfull \hbox (15.57933pt too wide) in paragraph at lines 399--400
\OT1/cmr/m/n/12 ta^^Tcno 3 raz-li^^Tcita pro-sta fak-to-ra. Npr. $30\OML/cmm/m/
it/12 ; \OT1/cmr/m/n/12 42\OML/cmm/m/it/12 ; \OT1/cmr/m/n/12 66\OML/cmm/m/it/12
 ; \OT1/cmr/m/n/12 70\OML/cmm/m/it/12 ; \OT1/cmr/m/n/12 78\OML/cmm/m/it/12 ; \O
T1/cmr/m/n/12 102\OML/cmm/m/it/12 ; \OT1/cmr/m/n/12 105\OML/cmm/m/it/12 ; \OT1/
cmr/m/n/12 110\OML/cmm/m/it/12 ; \OT1/cmr/m/n/12 114\OML/cmm/m/it/12 ; []$
 []

[165])
Overfull \hbox (113.53528pt too wide) has occurred while \output is active
\OT1/cmr/m/n/12 166 \OT1/cmr/m/sl/12 GLAVA 4.  PRIMJENA ALGORITAMSKIH PARADIGMI
 NA PROBLEME IZ ARITMETIKE
 []

[166]

FiXme Summary: Number of notes: 1,
(FiXme)        Number of warnings: 0,
(FiXme)        Number of errors: 0,
(FiXme)        Number of fatal errors: 0,
(FiXme)        Total: 1.

[167



] (./main.aux (./chapter-01-02/chapter02.aux)
(./chapter-01-02/chapter01.aux) (./chapter-03-04/chapter03.aux)
(./chapter-03-04/chapter04.aux))

LaTeX Warning: There were undefined references.


LaTeX Warning: There were multiply-defined labels.

runsystem(rm main.pyg)...executed.

 ) 
Here is how much of TeX's memory you used:
 9129 strings out of 482584
 200837 string characters out of 5956256
 490708 words of memory out of 5000000
 23476 multiletter control sequences out of 15000+600000
 546140 words of font info for 76 fonts, out of 8000000 for 9000
 475 hyphenation exceptions out of 8191
 41i,10n,62p,1156b,571s stack positions out of 5000i,500n,10000p,200000b,80000s
 </home/marko/.texlive2019/texmf-var/fonts/pk/ljfour/jknappen/ec/tcrm1200.600
pk></usr/share/texlive/texmf-dist/fonts/type1/public/amsfonts/cm/cmbx12.pfb></u
sr/share/texlive/texmf-dist/fonts/type1/public/amsfonts/cm/cmbxti10.pfb></usr/s
hare/texlive/texmf-dist/fonts/type1/public/amsfonts/cm/cmcsc10.pfb></usr/share/
texlive/texmf-dist/fonts/type1/public/amsfonts/cm/cmex10.pfb></usr/share/texliv
e/texmf-dist/fonts/type1/public/amsfonts/cm/cmitt10.pfb></usr/share/texlive/tex
mf-dist/fonts/type1/public/amsfonts/cm/cmmi12.pfb></usr/share/texlive/texmf-dis
t/fonts/type1/public/amsfonts/cm/cmmi6.pfb></usr/share/texlive/texmf-dist/fonts
/type1/public/amsfonts/cm/cmmi8.pfb></usr/share/texlive/texmf-dist/fonts/type1/
public/amsfonts/cm/cmr10.pfb></usr/share/texlive/texmf-dist/fonts/type1/public/
amsfonts/cm/cmr12.pfb></usr/share/texlive/texmf-dist/fonts/type1/public/amsfont
s/cm/cmr17.pfb></usr/share/texlive/texmf-dist/fonts/type1/public/amsfonts/cm/cm
r6.pfb></usr/share/texlive/texmf-dist/fonts/type1/public/amsfonts/cm/cmr7.pfb><
/usr/share/texlive/texmf-dist/fonts/type1/public/amsfonts/cm/cmr8.pfb></usr/sha
re/texlive/texmf-dist/fonts/type1/public/amsfonts/cm/cmsl12.pfb></usr/share/tex
live/texmf-dist/fonts/type1/public/amsfonts/cm/cmsy10.pfb></usr/share/texlive/t
exmf-dist/fonts/type1/public/amsfonts/cm/cmsy6.pfb></usr/share/texlive/texmf-di
st/fonts/type1/public/amsfonts/cm/cmsy8.pfb></usr/share/texlive/texmf-dist/font
s/type1/public/amsfonts/cm/cmti12.pfb></usr/share/texlive/texmf-dist/fonts/type
1/public/amsfonts/cm/cmtt12.pfb></usr/share/texlive/texmf-dist/fonts/type1/publ
ic/amsfonts/symbols/msbm10.pfb>
Output written on main.pdf (172 pages, 2976856 bytes).
PDF statistics:
 706 PDF objects out of 1000 (max. 8388607)
 448 compressed objects within 5 object streams
 0 named destinations out of 1000 (max. 500000)
 166 words of extra memory for PDF output out of 10000 (max. 10000000)

